Ultralytics YOLOv8.2.66 ðŸš€ Python-3.9.19 torch-2.0.1+cu117 CUDA:0 (NVIDIA GeForce RTX 3090, 24152MiB)
[34m[1mengine/trainer: [0mtask=detect, mode=train, model=yolov10l.yaml, data=coco.yaml, epochs=500, time=None, patience=100, batch=256, imgsz=640, save=True, save_period=-1, cache=False, device=0, workers=8, project=None, name=train26, exist_ok=False, pretrained=True, optimizer=auto, verbose=True, seed=0, deterministic=True, single_cls=False, rect=False, cos_lr=False, close_mosaic=10, resume=False, amp=True, fraction=1.0, profile=False, freeze=None, multi_scale=False, overlap_mask=True, mask_ratio=4, dropout=0.0, val=True, split=val, save_json=False, save_hybrid=False, conf=None, iou=0.7, max_det=300, half=False, dnn=False, plots=True, source=None, vid_stride=1, stream_buffer=False, visualize=False, augment=False, agnostic_nms=False, classes=None, retina_masks=False, embed=None, show=False, save_frames=False, save_txt=False, save_conf=False, save_crop=False, show_labels=True, show_conf=True, show_boxes=True, line_width=None, format=torchscript, keras=False, optimize=False, int8=False, dynamic=False, simplify=False, opset=None, workspace=4, nms=False, lr0=0.01, lrf=0.01, momentum=0.937, weight_decay=0.0005, warmup_epochs=3.0, warmup_momentum=0.8, warmup_bias_lr=0.1, box=7.5, cls=0.5, dfl=1.5, pose=12.0, kobj=1.0, label_smoothing=0.0, nbs=64, hsv_h=0.015, hsv_s=0.7, hsv_v=0.4, degrees=0.0, translate=0.1, scale=0.5, shear=0.0, perspective=0.0, flipud=0.0, fliplr=0.5, bgr=0.0, mosaic=1.0, mixup=0.0, copy_paste=0.0, auto_augment=randaugment, erasing=0.4, crop_fraction=1.0, cfg=None, tracker=botsort.yaml, save_dir=runs/detect/train26

                   from  n    params  module                                       arguments                     
  0                  -1  1      1856  ultralytics.nn.modules.conv.Conv             [3, 64, 3, 2]                 
  1                  -1  1     73984  ultralytics.nn.modules.conv.Conv             [64, 128, 3, 2]               
  2                  -1  3    279808  ultralytics.nn.modules.block.C2f             [128, 128, 3, True]           
  3                  -1  1    295424  ultralytics.nn.modules.conv.Conv             [128, 256, 3, 2]              
  4                  -1  6   2101248  ultralytics.nn.modules.block.C2f             [256, 256, 6, True]           
  5                  -1  1    137728  ultralytics.nn.modules.block.SCDown          [256, 512, 3, 2]              
  6                  -1  6   8396800  ultralytics.nn.modules.block.C2f             [512, 512, 6, True]           
  7                  -1  1    268800  ultralytics.nn.modules.block.SCDown          [512, 512, 3, 2]              
  8                  -1  3   1744384  ultralytics.nn.modules.block.C2fCIB          [512, 512, 3, True]           
  9                  -1  1    656896  ultralytics.nn.modules.block.SPPF            [512, 512, 5]                 
 10                  -1  1    990976  ultralytics.nn.modules.block.PSA             [512, 512]                    
 11                  -1  1         0  torch.nn.modules.upsampling.Upsample         [None, 2, 'nearest']          
 12             [-1, 6]  1         0  ultralytics.nn.modules.conv.Concat           [1]                           
 13                  -1  3   2006528  ultralytics.nn.modules.block.C2fCIB          [1024, 512, 3, True]          
 14                  -1  1         0  torch.nn.modules.upsampling.Upsample         [None, 2, 'nearest']          
 15             [-1, 4]  1         0  ultralytics.nn.modules.conv.Concat           [1]                           
 16                  -1  3   1247744  ultralytics.nn.modules.block.C2f             [768, 256, 3]                 
 17                  -1  1    590336  ultralytics.nn.modules.conv.Conv             [256, 256, 3, 2]              
 18            [-1, 13]  1         0  ultralytics.nn.modules.conv.Concat           [1]                           
 19                  -1  3   1875456  ultralytics.nn.modules.block.C2fCIB          [768, 512, 3, True]           
 20                  -1  1    268800  ultralytics.nn.modules.block.SCDown          [512, 512, 3, 2]              
 21            [-1, 10]  1         0  ultralytics.nn.modules.conv.Concat           [1]                           
 22                  -1  3   2006528  ultralytics.nn.modules.block.C2fCIB          [1024, 512, 3, True]          
 23        [16, 19, 22]  1   2945392  ultralytics.nn.modules.head.v10Detect        [80, [256, 512, 512]]         
YOLOv10l summary: 628 layers, 25,888,688 parameters, 25,888,672 gradients, 127.9 GFLOPs

Freezing layer 'model.23.dfl.conv.weight'
[34m[1mAMP: [0mrunning Automatic Mixed Precision (AMP) checks with YOLOv8n...
[34m[1mAMP: [0mchecks passed âœ…
Traceback (most recent call last):
  File "/home/hslee/anaconda3/envs/yolov10/lib/python3.9/site-packages/ultralytics/data/base.py", line 118, in get_img_files
    assert im_files, f"{self.prefix}No images found in {img_path}. {FORMATS_HELP_MSG}"
AssertionError: [34m[1mtrain: [0mNo images found in /home/hslee/Desktop/Embedded_AI/Backbone-Neck-Self-Distillation/yolov10/datasets/coco/train2017.txt. Supported formats are:
images: {'jpeg', 'tiff', 'mpo', 'bmp', 'pfm', 'tif', 'jpg', 'png', 'dng', 'webp'}
videos: {'gif', 'mp4', 'mkv', 'wmv', 'avi', 'webm', 'm4v', 'mov', 'mpg', 'mpeg', 'ts', 'asf'}

The above exception was the direct cause of the following exception:

Traceback (most recent call last):
  File "/home/hslee/anaconda3/envs/yolov10/bin/yolo", line 8, in <module>
    sys.exit(entrypoint())
  File "/home/hslee/anaconda3/envs/yolov10/lib/python3.9/site-packages/ultralytics/cfg/__init__.py", line 830, in entrypoint
    getattr(model, mode)(**overrides)  # default args from model
  File "/home/hslee/anaconda3/envs/yolov10/lib/python3.9/site-packages/ultralytics/engine/model.py", line 811, in train
    self.trainer.train()
  File "/home/hslee/anaconda3/envs/yolov10/lib/python3.9/site-packages/ultralytics/engine/trainer.py", line 205, in train
    self._do_train(world_size)
  File "/home/hslee/anaconda3/envs/yolov10/lib/python3.9/site-packages/ultralytics/engine/trainer.py", line 324, in _do_train
    self._setup_train(world_size)
  File "/home/hslee/anaconda3/envs/yolov10/lib/python3.9/site-packages/ultralytics/engine/trainer.py", line 288, in _setup_train
    self.train_loader = self.get_dataloader(self.trainset, batch_size=batch_size, rank=RANK, mode="train")
  File "/home/hslee/anaconda3/envs/yolov10/lib/python3.9/site-packages/ultralytics/models/yolo/detect/train.py", line 49, in get_dataloader
    dataset = self.build_dataset(dataset_path, mode, batch_size)
  File "/home/hslee/anaconda3/envs/yolov10/lib/python3.9/site-packages/ultralytics/models/yolo/detect/train.py", line 43, in build_dataset
    return build_yolo_dataset(self.args, img_path, batch, self.data, mode=mode, rect=mode == "val", stride=gs)
  File "/home/hslee/anaconda3/envs/yolov10/lib/python3.9/site-packages/ultralytics/data/build.py", line 87, in build_yolo_dataset
    return dataset(
  File "/home/hslee/anaconda3/envs/yolov10/lib/python3.9/site-packages/ultralytics/data/dataset.py", line 65, in __init__
    super().__init__(*args, **kwargs)
  File "/home/hslee/anaconda3/envs/yolov10/lib/python3.9/site-packages/ultralytics/data/base.py", line 73, in __init__
    self.im_files = self.get_img_files(self.img_path)
  File "/home/hslee/anaconda3/envs/yolov10/lib/python3.9/site-packages/ultralytics/data/base.py", line 120, in get_img_files
    raise FileNotFoundError(f"{self.prefix}Error loading data from {img_path}\n{HELP_URL}") from e
FileNotFoundError: [34m[1mtrain: [0mError loading data from /home/hslee/Desktop/Embedded_AI/Backbone-Neck-Self-Distillation/yolov10/datasets/coco/train2017.txt
See https://docs.ultralytics.com/datasets for dataset formatting guidance.
